Started GET "/" for 127.0.0.1 at 2020-10-01 18:18:34 +0200
  [1m[35m (1.6ms)[0m  [1m[34mSELECT sqlite_version(*)[0m
Processing by Rails::WelcomeController#index as HTML
  Rendering /Users/khokha/.rbenv/versions/2.7.1/lib/ruby/gems/2.7.0/gems/railties-6.0.3.3/lib/rails/templates/rails/welcome/index.html.erb
  Rendered /Users/khokha/.rbenv/versions/2.7.1/lib/ruby/gems/2.7.0/gems/railties-6.0.3.3/lib/rails/templates/rails/welcome/index.html.erb (Duration: 7.8ms | Allocations: 409)
Completed 200 OK in 21ms (Views: 13.8ms | ActiveRecord: 0.0ms | Allocations: 2355)


Started GET "/" for 127.0.0.1 at 2020-10-01 19:20:57 +0200
  [1m[35m (0.2ms)[0m  [1m[34mSELECT sqlite_version(*)[0m
Processing by Rails::WelcomeController#index as HTML
  Rendering /Users/khokha/.rbenv/versions/2.7.1/lib/ruby/gems/2.7.0/gems/railties-6.0.3.3/lib/rails/templates/rails/welcome/index.html.erb
  Rendered /Users/khokha/.rbenv/versions/2.7.1/lib/ruby/gems/2.7.0/gems/railties-6.0.3.3/lib/rails/templates/rails/welcome/index.html.erb (Duration: 7.2ms | Allocations: 179)
Completed 200 OK in 15ms (Views: 8.6ms | ActiveRecord: 0.0ms | Allocations: 2182)


Started GET "/" for 127.0.0.1 at 2020-10-01 19:21:00 +0200
Processing by Rails::WelcomeController#index as HTML
  Rendering /Users/khokha/.rbenv/versions/2.7.1/lib/ruby/gems/2.7.0/gems/railties-6.0.3.3/lib/rails/templates/rails/welcome/index.html.erb
  Rendered /Users/khokha/.rbenv/versions/2.7.1/lib/ruby/gems/2.7.0/gems/railties-6.0.3.3/lib/rails/templates/rails/welcome/index.html.erb (Duration: 0.4ms | Allocations: 8)
Completed 200 OK in 1ms (Views: 0.7ms | ActiveRecord: 0.0ms | Allocations: 304)


Started GET "/demo/index" for 127.0.0.1 at 2020-10-01 19:21:02 +0200
Processing by DemoController#index as HTML
  Rendering demo/index.html.erb
  Rendered demo/index.html.erb (Duration: 0.9ms | Allocations: 73)
Completed 200 OK in 2ms (Views: 1.4ms | ActiveRecord: 0.0ms | Allocations: 698)


DEPRECATION WARNING: Using a dynamic :controller segment in a route is deprecated and will be removed in Rails 6.1. (called from block in <main> at /Users/khokha/Desktop/keepUp/server/config/routes.rb:4)
DEPRECATION WARNING: Using a dynamic :action segment in a route is deprecated and will be removed in Rails 6.1. (called from block in <main> at /Users/khokha/Desktop/keepUp/server/config/routes.rb:4)
DEPRECATION WARNING: Using a dynamic :controller segment in a route is deprecated and will be removed in Rails 6.1. (called from block in <main> at /Users/khokha/Desktop/keepUp/server/config/routes.rb:4)
DEPRECATION WARNING: Using a dynamic :action segment in a route is deprecated and will be removed in Rails 6.1. (called from block in <main> at /Users/khokha/Desktop/keepUp/server/config/routes.rb:4)
DEPRECATION WARNING: Using a dynamic :controller segment in a route is deprecated and will be removed in Rails 6.1. (called from block in <main> at /Users/khokha/Desktop/keepUp/server/config/routes.rb:7)
DEPRECATION WARNING: Using a dynamic :action segment in a route is deprecated and will be removed in Rails 6.1. (called from block in <main> at /Users/khokha/Desktop/keepUp/server/config/routes.rb:7)
DEPRECATION WARNING: Using a dynamic :controller segment in a route is deprecated and will be removed in Rails 6.1. (called from block in <main> at /Users/khokha/Desktop/keepUp/server/config/routes.rb:7)
DEPRECATION WARNING: Using a dynamic :action segment in a route is deprecated and will be removed in Rails 6.1. (called from block in <main> at /Users/khokha/Desktop/keepUp/server/config/routes.rb:7)
DEPRECATION WARNING: Using a dynamic :controller segment in a route is deprecated and will be removed in Rails 6.1. (called from block in <main> at /Users/khokha/Desktop/keepUp/server/config/routes.rb:7)
DEPRECATION WARNING: Using a dynamic :action segment in a route is deprecated and will be removed in Rails 6.1. (called from block in <main> at /Users/khokha/Desktop/keepUp/server/config/routes.rb:7)
Started GET "/demo/index" for 127.0.0.1 at 2020-10-01 19:38:10 +0200
DEPRECATION WARNING: Using a dynamic :controller segment in a route is deprecated and will be removed in Rails 6.1. (called from block in <main> at /Users/khokha/Desktop/keepUp/server/config/routes.rb:7)
DEPRECATION WARNING: Using a dynamic :action segment in a route is deprecated and will be removed in Rails 6.1. (called from block in <main> at /Users/khokha/Desktop/keepUp/server/config/routes.rb:7)
  [1m[35m (0.1ms)[0m  [1m[34mSELECT sqlite_version(*)[0m
Processing by DemoController#index as HTML
  Rendering demo/index.html.erb
  Rendered demo/index.html.erb (Duration: 0.1ms | Allocations: 4)
Completed 200 OK in 1ms (Views: 0.5ms | ActiveRecord: 0.0ms | Allocations: 445)


Started GET "/demo/index" for 127.0.0.1 at 2020-10-01 19:38:12 +0200
Processing by DemoController#index as HTML
  Rendering demo/index.html.erb
  Rendered demo/index.html.erb (Duration: 0.1ms | Allocations: 4)
Completed 200 OK in 1ms (Views: 0.5ms | ActiveRecord: 0.0ms | Allocations: 288)


Started GET "/" for 127.0.0.1 at 2020-10-01 19:38:13 +0200
Processing by DemoController#index as HTML
  Rendering demo/index.html.erb
  Rendered demo/index.html.erb (Duration: 0.0ms | Allocations: 5)
Completed 200 OK in 1ms (Views: 0.3ms | ActiveRecord: 0.0ms | Allocations: 290)


Started GET "/" for 127.0.0.1 at 2020-10-01 19:38:16 +0200
Processing by DemoController#index as HTML
  Rendering demo/index.html.erb
  Rendered demo/index.html.erb (Duration: 0.0ms | Allocations: 5)
Completed 200 OK in 1ms (Views: 0.4ms | ActiveRecord: 0.0ms | Allocations: 290)


Started GET "/" for 127.0.0.1 at 2020-10-01 19:38:50 +0200
Processing by DemoController#index as HTML
  Rendering demo/index.html.erb
  Rendered demo/index.html.erb (Duration: 0.0ms | Allocations: 4)
Completed 200 OK in 1ms (Views: 0.7ms | ActiveRecord: 0.0ms | Allocations: 287)


Started GET "/demo/index" for 127.0.0.1 at 2020-10-01 19:38:51 +0200
Processing by DemoController#index as HTML
  Rendering demo/index.html.erb
  Rendered demo/index.html.erb (Duration: 0.0ms | Allocations: 4)
Completed 200 OK in 2ms (Views: 1.0ms | ActiveRecord: 0.0ms | Allocations: 287)


Started GET "/demo/index" for 127.0.0.1 at 2020-10-01 19:38:51 +0200
Processing by DemoController#index as HTML
  Rendering demo/index.html.erb
  Rendered demo/index.html.erb (Duration: 0.0ms | Allocations: 4)
Completed 200 OK in 1ms (Views: 0.4ms | ActiveRecord: 0.0ms | Allocations: 287)


Started GET "/demo/index" for 127.0.0.1 at 2020-10-01 19:39:33 +0200
Processing by DemoController#index as HTML
  Rendering demo/index.html.erb
  Rendered demo/index.html.erb (Duration: 0.0ms | Allocations: 4)
Completed 200 OK in 1ms (Views: 0.4ms | ActiveRecord: 0.0ms | Allocations: 289)


DEPRECATION WARNING: Using a dynamic :controller segment in a route is deprecated and will be removed in Rails 6.1. (called from block in <main> at /Users/khokha/Desktop/keepUp/server/config/routes.rb:7)
DEPRECATION WARNING: Using a dynamic :action segment in a route is deprecated and will be removed in Rails 6.1. (called from block in <main> at /Users/khokha/Desktop/keepUp/server/config/routes.rb:7)
Started GET "/" for 127.0.0.1 at 2020-10-01 19:39:59 +0200
  [1m[35m (0.6ms)[0m  [1m[34mSELECT sqlite_version(*)[0m
Processing by DemoController#index as HTML
  Rendering demo/index.html.erb
  Rendered demo/index.html.erb (Duration: 1.5ms | Allocations: 186)
Completed 200 OK in 13ms (Views: 4.7ms | ActiveRecord: 0.0ms | Allocations: 1623)


Started GET "/" for 127.0.0.1 at 2020-10-01 19:40:15 +0200
Processing by DemoController#index as HTML
  Rendering demo/index.html.erb
  Rendered demo/index.html.erb (Duration: 0.0ms | Allocations: 5)
Completed 200 OK in 1ms (Views: 0.4ms | ActiveRecord: 0.0ms | Allocations: 292)


Started GET "/demo/index" for 127.0.0.1 at 2020-10-01 19:40:16 +0200
Processing by DemoController#index as HTML
  Rendering demo/index.html.erb
  Rendered demo/index.html.erb (Duration: 0.0ms | Allocations: 5)
Completed 200 OK in 1ms (Views: 0.6ms | ActiveRecord: 0.0ms | Allocations: 290)


